{"/Users/leepriest/Sites/project-boilerplate/src/App.js": {"path":"/Users/leepriest/Sites/project-boilerplate/src/App.js","statementMap":{"0":{"start":{"line":4,"column":12},"end":{"line":4,"column":61}},"1":{"start":{"line":4,"column":18},"end":{"line":4,"column":61}}},"fnMap":{"0":{"name":"(anonymous_0)","decl":{"start":{"line":4,"column":12},"end":{"line":4,"column":13}},"loc":{"start":{"line":4,"column":18},"end":{"line":4,"column":61}},"line":4}},"branchMap":{},"s":{"0":1,"1":1},"f":{"0":1},"b":{},"_coverageSchema":"1a1c01bbd47fc00a2c39e90264f33305004495a9","hash":"5a10ce2c0d02456c37cd90c75ce9edb8274eb47e"}
,"/Users/leepriest/Sites/project-boilerplate/src/store/store.js": {"path":"/Users/leepriest/Sites/project-boilerplate/src/store/store.js","statementMap":{"0":{"start":{"line":4,"column":14},"end":{"line":4,"column":31}},"1":{"start":{"line":5,"column":21},"end":{"line":5,"column":26}},"2":{"start":{"line":8,"column":22},"end":{"line":28,"column":1}},"3":{"start":{"line":9,"column":30},"end":{"line":25,"column":5}},"4":{"start":{"line":11,"column":12},"end":{"line":21,"column":13}},"5":{"start":{"line":13,"column":16},"end":{"line":16,"column":18}},"6":{"start":{"line":18,"column":16},"end":{"line":18,"column":26}},"7":{"start":{"line":20,"column":16},"end":{"line":20,"column":29}},"8":{"start":{"line":27,"column":4},"end":{"line":27,"column":71}},"9":{"start":{"line":30,"column":0},"end":{"line":32,"column":2}}},"fnMap":{"0":{"name":"(anonymous_0)","decl":{"start":{"line":8,"column":22},"end":{"line":8,"column":23}},"loc":{"start":{"line":8,"column":40},"end":{"line":28,"column":1}},"line":8},"1":{"name":"(anonymous_1)","decl":{"start":{"line":10,"column":8},"end":{"line":10,"column":9}},"loc":{"start":{"line":10,"column":45},"end":{"line":22,"column":9}},"line":10}},"branchMap":{"0":{"loc":{"start":{"line":11,"column":12},"end":{"line":21,"column":13}},"type":"switch","locations":[{"start":{"line":12,"column":12},"end":{"line":16,"column":18}},{"start":{"line":17,"column":12},"end":{"line":18,"column":26}},{"start":{"line":19,"column":12},"end":{"line":20,"column":29}}],"line":11}},"s":{"0":0,"1":0,"2":0,"3":0,"4":0,"5":0,"6":0,"7":0,"8":0,"9":0},"f":{"0":0,"1":0},"b":{"0":[0,0,0]}}
}
